[debug] [2021-11-13T10:03:52.607Z] ----------------------------------------------------------------------
[debug] [2021-11-13T10:03:52.618Z] Command:       /usr/bin/node /usr/bin/firebase init
[debug] [2021-11-13T10:03:52.619Z] CLI Version:   9.20.0
[debug] [2021-11-13T10:03:52.619Z] Platform:      linux
[debug] [2021-11-13T10:03:52.619Z] Node Version:  v14.17.6
[debug] [2021-11-13T10:03:52.741Z] Time:          Sat Nov 13 2021 13:03:52 GMT+0300 (East Africa Time)
[debug] [2021-11-13T10:03:52.742Z] ----------------------------------------------------------------------
[debug] 
[debug] [2021-11-13T10:03:52.756Z] >>> [apiv2][query] GET https://firebase-public.firebaseio.com/cli.json [none]
[debug] [2021-11-13T10:03:52.816Z] > command requires scopes: ["email","openid","https://www.googleapis.com/auth/cloudplatformprojects.readonly","https://www.googleapis.com/auth/firebase","https://www.googleapis.com/auth/cloud-platform"]
[debug] [2021-11-13T10:03:52.816Z] > authorizing via signed-in user (dmbugua66@gmail.com)
[info] 
     ######## #### ########  ######## ########     ###     ######  ########
     ##        ##  ##     ## ##       ##     ##  ##   ##  ##       ##
     ######    ##  ########  ######   ########  #########  ######  ######
     ##        ##  ##    ##  ##       ##     ## ##     ##       ## ##
     ##       #### ##     ## ######## ########  ##     ##  ######  ########

You're about to initialize a Firebase project in this directory:

  /home/dynamodenis/Desktop/projects/node/3CE-node

[debug] [2021-11-13T10:04:10.038Z] <<< [apiv2][status] GET https://firebase-public.firebaseio.com/cli.json 200
[debug] [2021-11-13T10:04:10.038Z] <<< [apiv2][body] GET https://firebase-public.firebaseio.com/cli.json {"cloudBuildErrorAfter":1594252800000,"cloudBuildWarnAfter":1590019200000,"defaultNode10After":1594252800000,"minVersion":"3.0.5","node8DeploysDisabledAfter":1613390400000,"node8RuntimeDisabledAfter":1615809600000,"node8WarnAfter":1600128000000}
[info] 
=== Project Setup
[info] 
[info] First, let's associate this project directory with a Firebase project.
[info] You can create multiple project aliases by running firebase use --add, 
[info] but for now we'll just set up a default project.
[info] 
[debug] [2021-11-13T10:04:40.954Z] > refreshing access token with scopes: []
[debug] [2021-11-13T10:04:40.957Z] >>> HTTP REQUEST POST https://www.googleapis.com/oauth2/v3/token  
 <request body omitted>
[debug] [2021-11-13T10:04:43.663Z] <<< HTTP RESPONSE 200 {"cache-control":"no-cache, no-store, max-age=0, must-revalidate","expires":"Mon, 01 Jan 1990 00:00:00 GMT","pragma":"no-cache","date":"Sat, 13 Nov 2021 10:04:43 GMT","content-type":"application/json; charset=utf-8","vary":"X-Origin, Referer, Origin,Accept-Encoding","server":"scaffolding on HTTPServer2","x-xss-protection":"0","x-frame-options":"SAMEORIGIN","x-content-type-options":"nosniff","alt-svc":"clear","accept-ranges":"none","transfer-encoding":"chunked"}
[debug] [2021-11-13T10:04:44.368Z] >>> [apiv2][query] GET https://firebase.googleapis.com/v1beta1/projects pageSize=100
[debug] [2021-11-13T10:04:51.044Z] <<< [apiv2][status] GET https://firebase.googleapis.com/v1beta1/projects 200
[debug] [2021-11-13T10:04:51.044Z] <<< [apiv2][body] GET https://firebase.googleapis.com/v1beta1/projects [omitted]
[info] i  Using project ce-cousins (3CE-cousins) 
[info] 
=== Hosting:github Setup
[info] 
[info] i  Detected a .git folder at /home/dynamodenis/Desktop/projects/node/3CE-node 
[info] i  Authorizing with GitHub to upload your service account to a GitHub repository's secrets store. 
[info] 
[info] Visit this URL on this device to log in:
[info] https://github.com/login/oauth/authorize?client_id=89cf50f02ac6aaed3484&state=581015292&redirect_uri=http%3A%2F%2Flocalhost%3A9005&scope=read%3Auser%20repo%20public_repo
[info] 
[info] Waiting for authentication...
[debug] [2021-11-13T10:05:05.557Z] >>> HTTP REQUEST POST https://github.com/login/oauth/access_token  
 {"client_id":"89cf50f02ac6aaed3484","client_secret":"3330d14abc895d9a74d5f17cd7a00711fa2c5bf0","code":"54f9c42df814b67b3f25","redirect_uri":"http://localhost:9005","state":"581015292"}
[debug] [2021-11-13T10:05:06.593Z] <<< HTTP RESPONSE 200 {"server":"GitHub.com","date":"Sat, 13 Nov 2021 10:05:06 GMT","content-type":"application/json; charset=utf-8","transfer-encoding":"chunked","vary":"X-PJAX, X-PJAX-Container, Accept-Encoding, Accept, X-Requested-With","permissions-policy":"interest-cohort=()","etag":"W/\"191637f2783754ac7a01e9176b8402f7\"","cache-control":"max-age=0, private, must-revalidate","strict-transport-security":"max-age=31536000; includeSubdomains; preload","x-frame-options":"deny","x-content-type-options":"nosniff","x-xss-protection":"0","referrer-policy":"origin-when-cross-origin, strict-origin-when-cross-origin","expect-ct":"max-age=2592000, report-uri=\"https://api.github.com/_private/browser/errors\"","content-security-policy":"default-src 'none'; base-uri 'self'; block-all-mixed-content; child-src github.com/assets-cdn/worker/ gist.github.com/assets-cdn/worker/; connect-src 'self' uploads.github.com objects-origin.githubusercontent.com www.githubstatus.com collector.githubapp.com api.github.com github-cloud.s3.amazonaws.com github-production-repository-file-5c1aeb.s3.amazonaws.com github-production-upload-manifest-file-7fdce7.s3.amazonaws.com github-production-user-asset-6210df.s3.amazonaws.com cdn.optimizely.com logx.optimizely.com/v1/events translator.github.com wss://alive.github.com; font-src github.githubassets.com; form-action 'self' github.com gist.github.com objects-origin.githubusercontent.com; frame-ancestors 'none'; frame-src render.githubusercontent.com viewscreen.githubusercontent.com notebooks.githubusercontent.com; img-src 'self' data: github.githubassets.com identicons.github.com collector.githubapp.com github-cloud.s3.amazonaws.com secured-user-images.githubusercontent.com/ *.githubusercontent.com; manifest-src 'self'; media-src github.com user-images.githubusercontent.com/; script-src github.githubassets.com; style-src 'unsafe-inline' github.githubassets.com; worker-src github.com/assets-cdn/worker/ gist.github.com/assets-cdn/worker/","x-github-request-id":"8372:5C83:5CC18:117ED6:618F8DD1"}
[debug] [2021-11-13T10:05:06.636Z] >>> [apiv2][query] GET https://api.github.com/user [none]
[debug] [2021-11-13T10:05:08.064Z] <<< [apiv2][status] GET https://api.github.com/user 200
[debug] [2021-11-13T10:05:08.064Z] <<< [apiv2][body] GET https://api.github.com/user {"login":"dynamodenis","id":60645043,"node_id":"MDQ6VXNlcjYwNjQ1MDQz","avatar_url":"https://avatars.githubusercontent.com/u/60645043?v=4","gravatar_id":"","url":"https://api.github.com/users/dynamodenis","html_url":"https://github.com/dynamodenis","followers_url":"https://api.github.com/users/dynamodenis/followers","following_url":"https://api.github.com/users/dynamodenis/following{/other_user}","gists_url":"https://api.github.com/users/dynamodenis/gists{/gist_id}","starred_url":"https://api.github.com/users/dynamodenis/starred{/owner}{/repo}","subscriptions_url":"https://api.github.com/users/dynamodenis/subscriptions","organizations_url":"https://api.github.com/users/dynamodenis/orgs","repos_url":"https://api.github.com/users/dynamodenis/repos","events_url":"https://api.github.com/users/dynamodenis/events{/privacy}","received_events_url":"https://api.github.com/users/dynamodenis/received_events","type":"User","site_admin":false,"name":"Dynamo Denis Mbugua","company":null,"blog":"","location":"Nairobi,Kenya","email":null,"hireable":null,"bio":null,"twitter_username":null,"public_repos":48,"public_gists":0,"followers":3,"following":4,"created_at":"2020-02-04T08:27:34Z","updated_at":"2021-09-18T09:17:07Z","private_gists":0,"total_private_repos":3,"owned_private_repos":3,"disk_usage":166032,"collaborators":0,"two_factor_authentication":false,"plan":{"name":"free","space":976562499,"collaborators":0,"private_repos":10000}}
[info] 
[info] ✔  Success! Logged into GitHub as dynamodenis 
[info] 
[debug] [2021-11-13T10:06:10.750Z] >>> [apiv2][query] GET https://api.github.com/repos/dynamodenis/3CE-node/actions/secrets/public-key type=owner
[debug] [2021-11-13T10:06:16.395Z] <<< [apiv2][status] GET https://api.github.com/repos/dynamodenis/3CE-node/actions/secrets/public-key 404
[debug] [2021-11-13T10:06:16.396Z] <<< [apiv2][body] GET https://api.github.com/repos/dynamodenis/3CE-node/actions/secrets/public-key {"message":"Not Found","documentation_url":"https://docs.github.com/rest/reference/actions#get-a-repository-public-key"}
[debug] [2021-11-13T10:06:16.670Z] >>> [apiv2][query] GET https://api.github.com/repos//actions/secrets/public-key type=owner
[debug] [2021-11-13T10:06:17.918Z] <<< [apiv2][status] GET https://api.github.com/repos//actions/secrets/public-key 404
[debug] [2021-11-13T10:06:17.919Z] <<< [apiv2][body] GET https://api.github.com/repos//actions/secrets/public-key {"message":"Not Found","documentation_url":"https://docs.github.com/rest"}
[debug] [2021-11-13T10:06:31.238Z] >>> [apiv2][query] GET https://api.github.com/repos/dynamodenis/3CE-node/actions/secrets/public-key type=owner
[debug] [2021-11-13T10:06:39.183Z] <<< [apiv2][status] GET https://api.github.com/repos/dynamodenis/3CE-node/actions/secrets/public-key 404
[debug] [2021-11-13T10:06:39.183Z] <<< [apiv2][body] GET https://api.github.com/repos/dynamodenis/3CE-node/actions/secrets/public-key {"message":"Not Found","documentation_url":"https://docs.github.com/rest/reference/actions#get-a-repository-public-key"}
[debug] [2021-11-13T10:06:54.106Z] >>> [apiv2][query] GET https://api.github.com/repos//actions/secrets/public-key type=owner
[debug] [2021-11-13T10:06:57.261Z] <<< [apiv2][status] GET https://api.github.com/repos//actions/secrets/public-key 404
[debug] [2021-11-13T10:06:57.261Z] <<< [apiv2][body] GET https://api.github.com/repos//actions/secrets/public-key {"message":"Not Found","documentation_url":"https://docs.github.com/rest"}
